/amcl/parameter_descriptions
/amcl/parameter_updates
/amcl_pose
/clock
/gazebo/parameter_descriptions
/gazebo/parameter_updates
/host_diagnostic
/joint_states
/kinect2/parameter_descriptions
/kinect2/parameter_updates
/kinect2/qhd/camera_info
/kinect2/qhd/image_color/compressed
/kinect2/qhd/image_color/compressed/parameter_descriptions
/kinect2/qhd/image_color/compressed/parameter_updates
/kinect2/qhd/image_color/theora
/kinect2/qhd/image_color/theora/parameter_descriptions
/kinect2/qhd/image_color/theora/parameter_updates
/map
/map_metadata
/mobile_base_controller/cmd_vel
/mobile_base_controller/odom
/move_base/NavfnROS/plan
/move_base/TebLocalPlannerROS/global_plan
/move_base/TebLocalPlannerROS/local_plan
/move_base/TebLocalPlannerROS/parameter_descriptions
/move_base/TebLocalPlannerROS/parameter_updates
/move_base/TebLocalPlannerROS/teb_markers
/move_base/TebLocalPlannerROS/teb_poses
/move_base/current_goal
/move_base/feedback
/move_base/global_costmap/costmap
/move_base/global_costmap/footprint
/move_base/global_costmap/inflation_global/parameter_descriptions
/move_base/global_costmap/inflation_global/parameter_updates
/move_base/global_costmap/parameter_descriptions
/move_base/global_costmap/parameter_updates
/move_base/global_costmap/static/parameter_descriptions
/move_base/global_costmap/static/parameter_updates
/move_base/goal
/move_base/local_costmap/costmap
/move_base/local_costmap/costmap_updates
/move_base/local_costmap/footprint
/move_base/local_costmap/inflation/parameter_descriptions
/move_base/local_costmap/inflation/parameter_updates
/move_base/local_costmap/obstacles_laser/parameter_descriptions
/move_base/local_costmap/obstacles_laser/parameter_updates
/move_base/local_costmap/parameter_descriptions
/move_base/local_costmap/parameter_updates
/move_base/parameter_descriptions
/move_base/parameter_updates
/move_base/result
/move_base/status
/nav_vel
/node_diagnostic
/odometry/filtered
/pan_tilt_trajectory_controller/follow_joint_trajectory/status
/pan_tilt_trajectory_controller/point_head_action/status
/pan_tilt_trajectory_controller/state
/particlecloud
/rosout
/rosout_agg
/scan
/tf
# of nodes' threads
CPU host load infomation
CPU mean load by nodes
velocity angular z
velocity linear x
# of active connection
# of messages
consecutive messages - mean time
delivered messages
dropped messages
messages' age
