/arm_trajectory_controller/follow_joint_trajectory/cancel
/arm_trajectory_controller/follow_joint_trajectory/feedback
/arm_trajectory_controller/follow_joint_trajectory/goal
/arm_trajectory_controller/follow_joint_trajectory/result
/arm_trajectory_controller/follow_joint_trajectory/status
/arm_trajectory_controller/state
/clock
/cmd_vel
/diagnostics
/execute_trajectory/feedback
/execute_trajectory/result
/execute_trajectory/status
/gazebo/model_states
/gazebo/parameter_descriptions
/gazebo/parameter_updates
/gripper_controller/current_gap
/gripper_controller/gripper_cmd/cancel
/gripper_controller/gripper_cmd/feedback
/gripper_controller/gripper_cmd/goal
/gripper_controller/gripper_cmd/result
/gripper_controller/gripper_cmd/status
/host_diagnostic
/joint_states
/kinect2/parameter_descriptions
/kinect2/parameter_updates
/kinect2/qhd/camera_info
/kinect2/qhd/image_color/compressed
/kinect2/qhd/image_color/compressed/parameter_descriptions
/kinect2/qhd/image_color/compressed/parameter_updates
/kinect2/qhd/image_color/compressedDepth/parameter_descriptions
/kinect2/qhd/image_color/compressedDepth/parameter_updates
/kinect2/qhd/image_color/theora/parameter_descriptions
/kinect2/qhd/image_color/theora/parameter_updates
/map_metadata
/mobile_base_controller/cmd_vel
/mobile_base_controller/odom
/move_base/DWAPlannerROS/cost_cloud
/move_base/DWAPlannerROS/global_plan
/move_base/DWAPlannerROS/local_plan
/move_base/DWAPlannerROS/parameter_descriptions
/move_base/DWAPlannerROS/parameter_updates
/move_base/DWAPlannerROS/trajectory_cloud
/move_base/NavfnROS/plan
/move_base/current_goal
/move_base/feedback
/move_base/global_costmap/costmap
/move_base/global_costmap/footprint
/move_base/global_costmap/inflation_global/parameter_descriptions
/move_base/global_costmap/inflation_global/parameter_updates
/move_base/global_costmap/parameter_descriptions
/move_base/global_costmap/parameter_updates
/move_base/global_costmap/static/parameter_descriptions
/move_base/global_costmap/static/parameter_updates
/move_base/goal
/move_base/local_costmap/costmap
/move_base/local_costmap/costmap_updates
/move_base/local_costmap/footprint
/move_base/local_costmap/inflation/parameter_descriptions
/move_base/local_costmap/inflation/parameter_updates
/move_base/local_costmap/obstacles_laser/parameter_descriptions
/move_base/local_costmap/obstacles_laser/parameter_updates
/move_base/local_costmap/parameter_descriptions
/move_base/local_costmap/parameter_updates
/move_base/parameter_descriptions
/move_base/parameter_updates
/move_base/result
/move_base/status
/move_group/display_contacts
/move_group/display_planned_path
/move_group/feedback
/move_group/monitored_planning_scene
/move_group/ompl/parameter_descriptions
/move_group/ompl/parameter_updates
/move_group/plan_execution/parameter_descriptions
/move_group/plan_execution/parameter_updates
/move_group/planning_scene_monitor/parameter_descriptions
/move_group/planning_scene_monitor/parameter_updates
/move_group/result
/move_group/sense_for_plan/parameter_descriptions
/move_group/sense_for_plan/parameter_updates
/move_group/status
/move_group/trajectory_execution/parameter_descriptions
/move_group/trajectory_execution/parameter_updates
/nav_vel
/node_diagnostic
/pan_tilt_trajectory_controller/command
/pan_tilt_trajectory_controller/follow_joint_trajectory/feedback
/pan_tilt_trajectory_controller/follow_joint_trajectory/result
/pan_tilt_trajectory_controller/follow_joint_trajectory/status
/pan_tilt_trajectory_controller/point_head_action/feedback
/pan_tilt_trajectory_controller/point_head_action/result
/pan_tilt_trajectory_controller/point_head_action/status
/pan_tilt_trajectory_controller/state
/pickup/feedback
/pickup/result
/pickup/status
/place/feedback
/place/result
/place/status
/poseupdate
/robot_state
/rosout
/rosout_agg
/scan
/slam_cloud
/slam_gmapping/entropy
/slam_out_pose
/statistics
/tf
/tf_static
